Arguments: 
  C:\Program Files\nodejs\node.exe C:\Users\ADMIN\AppData\Roaming\npm\node_modules\yarn\bin\yarn.js install

PATH: 
  C:\Program Files\Common Files\Oracle\Java\javapath;C:\Python27\;C:\Python27\Scripts;C:\Windows\system32;C:\Windows;C:\Windows\System32\Wbem;C:\Windows\System32\WindowsPowerShell\v1.0\;C:\Windows\System32\OpenSSH\;C:\Program Files (x86)\Intel\Intel(R) Management Engine Components\DAL;C:\Program Files\Intel\Intel(R) Management Engine Components\DAL;C:\Program Files\Microsoft VS Code\bin;C:\TDM-GCC-64\bin;C:\Program Files\nodejs\;C:\ProgramData\chocolatey\bin;C:\Program Files (x86)\GitExtensions\;C:\Go\bin;C:\Program Files\java\jdk-15.0.1\bin;C:\Program Files\Git\cmd;E:\GIT\octant\bin;C:\Users\ADMIN\.windows-build-tools\python27\;C:\Users\ADMIN\AppData\Local\Microsoft\WindowsApps;C:\Users\ADMIN\go\bin;C:\src\flutter\flutter\bin;C:\Users\ADMIN\AppData\Roaming\npm;C:\Users\ADMIN\go\bin;C:\Users\ADMIN\AppData\Local\Android\Sdk;C:\Users\ADMIN\AppData\Local\Android\Sdk\platform-tools;

Yarn version: 
  1.22.10

Node version: 
  12.16.1

Platform: 
  win32 x64

Trace: 
  SyntaxError: E:\GIT\plugins\xformation-assetmanager-ui-plugin\package.json: Unexpected end of JSON input
      at JSON.parse (<anonymous>)
      at C:\Users\ADMIN\AppData\Roaming\npm\node_modules\yarn\lib\cli.js:1625:59
      at Generator.next (<anonymous>)
      at step (C:\Users\ADMIN\AppData\Roaming\npm\node_modules\yarn\lib\cli.js:310:30)
      at C:\Users\ADMIN\AppData\Roaming\npm\node_modules\yarn\lib\cli.js:321:13

npm manifest: 
  

yarn manifest: 
  No manifest

Lockfile: 
  
